0 info it worked if it ends with ok
1 verbose cli [ 'node', '/usr/local/bin/npm', 'install', '-g', 'bower' ]
2 info using npm@2.9.1
3 info using node@v0.12.3
4 verbose install initial load of /usr/local/lib/package.json
5 verbose readDependencies loading dependencies from /usr/local/lib/package.json
6 silly cache add args [ 'bower', null ]
7 verbose cache add spec bower
8 silly cache add parsed spec { raw: 'bower',
8 silly cache add   scope: null,
8 silly cache add   name: 'bower',
8 silly cache add   rawSpec: '',
8 silly cache add   spec: '*',
8 silly cache add   type: 'range' }
9 silly addNamed bower@*
10 verbose addNamed "*" is a valid semver range for bower
11 silly addNameRange { name: 'bower', range: '*', hasData: false }
12 silly mapToRegistry name bower
13 silly mapToRegistry using default registry
14 silly mapToRegistry registry https://registry.npmjs.org/
15 silly mapToRegistry uri https://registry.npmjs.org/bower
16 verbose addNameRange registry:https://registry.npmjs.org/bower not in flight; fetching
17 verbose request uri https://registry.npmjs.org/bower
18 verbose request no auth needed
19 info attempt registry request try #1 at 15:40:08
20 verbose request id a1d82ee05a77d68c
21 http request GET https://registry.npmjs.org/bower
22 info retry will retry, error on last attempt: Error: socket hang up
23 info attempt registry request try #2 at 15:42:18
24 http request GET https://registry.npmjs.org/bower
25 http 200 https://registry.npmjs.org/bower
26 silly get cb [ 200,
26 silly get   { server: 'CouchDB/1.5.0 (Erlang OTP/R16B03)',
26 silly get     etag: '"DVS6XCVH35N7X3KTMJJL9VIUD"',
26 silly get     'content-type': 'application/json',
26 silly get     'cache-control': 'max-age=60',
26 silly get     'content-length': '112630',
26 silly get     'accept-ranges': 'bytes',
26 silly get     date: 'Tue, 14 Jul 2015 07:42:20 GMT',
26 silly get     via: '1.1 varnish',
26 silly get     age: '0',
26 silly get     connection: 'keep-alive',
26 silly get     'x-served-by': 'cache-bma7026-BMA',
26 silly get     'x-cache': 'HIT',
26 silly get     'x-cache-hits': '1',
26 silly get     'x-timer': 'S1436859740.856233,VS0,VE135',
26 silly get     vary: 'Accept' } ]
27 verbose get saving bower to /Users/user/.npm/registry.npmjs.org/bower/.cache.json
28 silly addNameRange number 2 { name: 'bower', range: '*', hasData: true }
29 silly addNameRange versions [ 'bower',
29 silly addNameRange   [ '0.1.0',
29 silly addNameRange     '0.1.2',
29 silly addNameRange     '0.1.3',
29 silly addNameRange     '0.2.0',
29 silly addNameRange     '0.3.0',
29 silly addNameRange     '0.3.1',
29 silly addNameRange     '0.3.2',
29 silly addNameRange     '0.4.0',
29 silly addNameRange     '0.5.0',
29 silly addNameRange     '0.5.1',
29 silly addNameRange     '0.6.0',
29 silly addNameRange     '0.6.1',
29 silly addNameRange     '0.6.2',
29 silly addNameRange     '0.6.3',
29 silly addNameRange     '0.6.4',
29 silly addNameRange     '0.6.5',
29 silly addNameRange     '0.6.6',
29 silly addNameRange     '0.6.7',
29 silly addNameRange     '0.6.8',
29 silly addNameRange     '0.7.0',
29 silly addNameRange     '0.7.1',
29 silly addNameRange     '0.8.0',
29 silly addNameRange     '0.8.1',
29 silly addNameRange     '0.8.2',
29 silly addNameRange     '0.8.3',
29 silly addNameRange     '0.8.4',
29 silly addNameRange     '0.8.5',
29 silly addNameRange     '0.8.6',
29 silly addNameRange     '0.9.0',
29 silly addNameRange     '0.9.1',
29 silly addNameRange     '0.9.2',
29 silly addNameRange     '0.10.0',
29 silly addNameRange     '1.0.0',
29 silly addNameRange     '1.0.1',
29 silly addNameRange     '1.0.2',
29 silly addNameRange     '1.0.3',
29 silly addNameRange     '1.1.0',
29 silly addNameRange     '1.1.1',
29 silly addNameRange     '1.1.2',
29 silly addNameRange     '1.2.0',
29 silly addNameRange     '1.2.1',
29 silly addNameRange     '1.2.2',
29 silly addNameRange     '1.2.3',
29 silly addNameRange     '1.2.4',
29 silly addNameRange     '1.2.5',
29 silly addNameRange     '1.2.6',
29 silly addNameRange     '1.2.7',
29 silly addNameRange     '1.2.8',
29 silly addNameRange     '1.3.0',
29 silly addNameRange     '1.3.1',
29 silly addNameRange     '1.3.2',
29 silly addNameRange     '1.3.3',
29 silly addNameRange     '1.3.4',
29 silly addNameRange     '1.3.5',
29 silly addNameRange     '1.3.6',
29 silly addNameRange     '1.3.7',
29 silly addNameRange     '1.3.8',
29 silly addNameRange     '1.3.9',
29 silly addNameRange     '1.3.10',
29 silly addNameRange     '1.3.11',
29 silly addNameRange     '1.3.12',
29 silly addNameRange     '1.4.0',
29 silly addNameRange     '1.4.1' ] ]
30 silly addNamed bower@1.4.1
31 verbose addNamed "1.4.1" is a plain semver version for bower
32 silly mapToRegistry name bower
33 silly mapToRegistry using default registry
34 silly mapToRegistry registry https://registry.npmjs.org/
35 silly mapToRegistry uri https://registry.npmjs.org/bower
36 verbose addRemoteTarball https://registry.npmjs.org/bower/-/bower-1.4.1.tgz not in flight; adding
37 verbose addRemoteTarball [ 'https://registry.npmjs.org/bower/-/bower-1.4.1.tgz',
37 verbose addRemoteTarball   'a18be39d030792754f30f1c5b32d37b0156ba8dd' ]
38 info retry fetch attempt 1 at 15:43:07
39 info attempt registry request try #1 at 15:43:07
40 http fetch GET https://registry.npmjs.org/bower/-/bower-1.4.1.tgz
41 http fetch 200 https://registry.npmjs.org/bower/-/bower-1.4.1.tgz
42 silly fetchAndShaCheck shasum a18be39d030792754f30f1c5b32d37b0156ba8dd
43 verbose addTmpTarball /var/folders/g3/vqx0xw056ln6x248t7tpzkf80000gn/T/npm-2162-5c0ac7dc/registry.npmjs.org/bower/-/bower-1.4.1.tgz not in flight; adding
44 verbose addTmpTarball already have metadata; skipping unpack for bower@1.4.1
45 silly cache afterAdd bower@1.4.1
46 verbose afterAdd /Users/user/.npm/bower/1.4.1/package/package.json not in flight; writing
47 verbose afterAdd /Users/user/.npm/bower/1.4.1/package/package.json written
48 silly install resolved [ { name: 'bower',
48 silly install resolved     version: '1.4.1',
48 silly install resolved     description: 'The browser package manager',
48 silly install resolved     author: { name: 'Twitter' },
48 silly install resolved     licenses: [ [Object] ],
48 silly install resolved     repository: { type: 'git', url: 'https://github.com/bower/bower' },
48 silly install resolved     main: 'lib',
48 silly install resolved     homepage: 'http://bower.io',
48 silly install resolved     engines: { node: '>=0.10.0' },
48 silly install resolved     dependencies:
48 silly install resolved      { abbrev: '^1.0.5',
48 silly install resolved        archy: '1.0.0',
48 silly install resolved        'bower-config': '^0.6.1',
48 silly install resolved        'bower-endpoint-parser': '^0.2.2',
48 silly install resolved        'bower-json': '^0.4.0',
48 silly install resolved        'bower-logger': '^0.2.2',
48 silly install resolved        'bower-registry-client': '^0.3.0',
48 silly install resolved        cardinal: '0.4.4',
48 silly install resolved        chalk: '^1.0.0',
48 silly install resolved        chmodr: '0.1.0',
48 silly install resolved        configstore: '^0.3.2',
48 silly install resolved        'decompress-zip': '^0.1.0',
48 silly install resolved        fstream: '^1.0.3',
48 silly install resolved        'fstream-ignore': '^1.0.2',
48 silly install resolved        github: '^0.2.3',
48 silly install resolved        glob: '^4.3.2',
48 silly install resolved        'graceful-fs': '^3.0.5',
48 silly install resolved        handlebars: '^2.0.0',
48 silly install resolved        inquirer: '0.8.0',
48 silly install resolved        insight: '^0.5.0',
48 silly install resolved        'is-root': '^1.0.0',
48 silly install resolved        junk: '^1.0.0',
48 silly install resolved        lockfile: '^1.0.0',
48 silly install resolved        'lru-cache': '^2.5.0',
48 silly install resolved        mkdirp: '0.5.0',
48 silly install resolved        mout: '^0.11.0',
48 silly install resolved        nopt: '^3.0.1',
48 silly install resolved        opn: '^1.0.1',
48 silly install resolved        'p-throttler': '0.1.1',
48 silly install resolved        promptly: '0.2.0',
48 silly install resolved        q: '^1.1.2',
48 silly install resolved        request: '2.53.0',
48 silly install resolved        'request-progress': '0.3.1',
48 silly install resolved        retry: '0.6.1',
48 silly install resolved        rimraf: '^2.2.8',
48 silly install resolved        semver: '^2.3.0',
48 silly install resolved        'shell-quote': '^1.4.2',
48 silly install resolved        'stringify-object': '^1.0.0',
48 silly install resolved        'tar-fs': '^1.4.1',
48 silly install resolved        tmp: '0.0.24',
48 silly install resolved        'update-notifier': '^0.3.0',
48 silly install resolved        'user-home': '^1.1.0',
48 silly install resolved        which: '^1.0.8' },
48 silly install resolved     devDependencies:
48 silly install resolved      { chai: '^1.10.0',
48 silly install resolved        coveralls: '^2.11.2',
48 silly install resolved        'expect.js': '^0.3.1',
48 silly install resolved        grunt: '^0.4.5',
48 silly install resolved        'grunt-cli': '^0.1.13',
48 silly install resolved        'grunt-contrib-jshint': '^0.10.0',
48 silly install resolved        'grunt-contrib-watch': '^0.6.1',
48 silly install resolved        'grunt-exec': '^0.4.6',
48 silly install resolved        'grunt-simple-mocha': '^0.4.0',
48 silly install resolved        istanbul: '^0.3.5',
48 silly install resolved        'load-grunt-tasks': '^2.0.0',
48 silly install resolved        mocha: '^2.1.0',
48 silly install resolved        multiline: '^1.0.2',
48 silly install resolved        nock: '^0.56.0',
48 silly install resolved        'node-uuid': '^1.4.2',
48 silly install resolved        proxyquire: '^1.3.0',
48 silly install resolved        'spawn-sync': '^1.0.5' },
48 silly install resolved     scripts: { test: 'grunt test' },
48 silly install resolved     bin: { bower: 'bin/bower' },
48 silly install resolved     preferGlobal: true,
48 silly install resolved     gitHead: 'a1287416d40f944d58cb8f2e774e2076bfffd32f',
48 silly install resolved     bugs: { url: 'https://github.com/bower/bower/issues' },
48 silly install resolved     _id: 'bower@1.4.1',
48 silly install resolved     _shasum: 'a18be39d030792754f30f1c5b32d37b0156ba8dd',
48 silly install resolved     _from: 'bower@*',
48 silly install resolved     _npmVersion: '2.7.4',
48 silly install resolved     _nodeVersion: '0.12.0',
48 silly install resolved     _npmUser: { name: 'sheerun', email: 'sheerun@sher.pl' },
48 silly install resolved     maintainers: [ [Object], [Object], [Object], [Object], [Object], [Object] ],
48 silly install resolved     dist:
48 silly install resolved      { shasum: 'a18be39d030792754f30f1c5b32d37b0156ba8dd',
48 silly install resolved        tarball: 'http://registry.npmjs.org/bower/-/bower-1.4.1.tgz' },
48 silly install resolved     directories: {},
48 silly install resolved     _resolved: 'https://registry.npmjs.org/bower/-/bower-1.4.1.tgz' } ]
49 info install bower@1.4.1 into /usr/local/lib
50 info installOne bower@1.4.1
51 verbose installOne of bower to /usr/local/lib not in flight; installing
52 verbose lock using /Users/user/.npm/_locks/bower-e8debc5417026b57.lock for /usr/local/lib/node_modules/bower
53 silly install write writing bower 1.4.1 to /usr/local/lib/node_modules/bower
54 verbose unbuild lib/node_modules/bower
55 silly gentlyRm /usr/local/lib/node_modules/bower is being purged from base /usr/local
56 verbose gentlyRm don't care about contents; nuking /usr/local/lib/node_modules/bower
57 verbose tar unpack /Users/user/.npm/bower/1.4.1/package.tgz
58 verbose tar unpacking to /usr/local/lib/node_modules/bower
59 silly gentlyRm /usr/local/lib/node_modules/bower is being purged
60 verbose gentlyRm don't care about contents; nuking /usr/local/lib/node_modules/bower
61 silly gunzTarPerm modes [ '755', '644' ]
62 error tar.unpack untar error /Users/user/.npm/bower/1.4.1/package.tgz
63 verbose unlock done using /Users/user/.npm/_locks/bower-e8debc5417026b57.lock for /usr/local/lib/node_modules/bower
64 verbose fstream_path /usr/local/lib/node_modules/bower
65 verbose fstream_type Directory
66 verbose fstream_class DirWriter
67 verbose stack Error: EACCES, mkdir '/usr/local/lib/node_modules/bower'
67 verbose stack     at Error (native)
68 verbose fstream_stack /usr/local/lib/node_modules/npm/node_modules/fstream/lib/dir-writer.js:36:23
68 verbose fstream_stack /usr/local/lib/node_modules/npm/node_modules/mkdirp/index.js:46:53
68 verbose fstream_stack FSReqWrap.oncomplete (fs.js:95:15)
69 verbose cwd /Users/user/git/haitao-b2c-web
70 error Darwin 14.3.0
71 error argv "node" "/usr/local/bin/npm" "install" "-g" "bower"
72 error node v0.12.3
73 error npm  v2.9.1
74 error path /usr/local/lib/node_modules/bower
75 error code EACCES
76 error errno -13
77 error Error: EACCES, mkdir '/usr/local/lib/node_modules/bower'
77 error     at Error (native)
77 error  { [Error: EACCES, mkdir '/usr/local/lib/node_modules/bower']
77 error   errno: -13,
77 error   code: 'EACCES',
77 error   path: '/usr/local/lib/node_modules/bower',
77 error   fstream_type: 'Directory',
77 error   fstream_path: '/usr/local/lib/node_modules/bower',
77 error   fstream_class: 'DirWriter',
77 error   fstream_stack:
77 error    [ '/usr/local/lib/node_modules/npm/node_modules/fstream/lib/dir-writer.js:36:23',
77 error      '/usr/local/lib/node_modules/npm/node_modules/mkdirp/index.js:46:53',
77 error      'FSReqWrap.oncomplete (fs.js:95:15)' ] }
78 error Please try running this command again as root/Administrator.
79 verbose exit [ -13, true ]
80 verbose unbuild lib/node_modules/bower
81 silly gentlyRm /usr/local/lib/node_modules/bower is being purged from base /usr/local
82 verbose gentlyRm don't care about contents; nuking /usr/local/lib/node_modules/bower
